STATUS: PSpice Schematics to Capture translator (17.4.0.d001)
STATUS:  
STATUS: Translator started at Monday, April 11, 2022 16:18:01
INFO(ORSCH-1029): Using existing library 'C:\Cadence\SPB_17.4\tools\Capture\Library\PSpice\modeled.etc'.
INFO(ORSCH-1031): Created new library 'E:\sdu-courses\2022-Spring\EDB2\simulation\ucc28c42_v3\libs\Zener-Diodes.olb'.
INFO(ORSCH-1029): Using existing library 'C:\Cadence\SPB_17.4\tools\capture\library\pspice\diode.olb'.
  ERROR: .SUBCKT DI_AZ23C2V7  1 2

  ERROR: .SUBCKT DI_AZ23C33  1 2

  ERROR: .SUBCKT DI_AZ23C39  1 2

  ERROR: .SUBCKT DI_AZ23C3V3  1 2

  ERROR: .SUBCKT DI_AZ23C3V9  1 2

  ERROR: .SUBCKT DI_AZ23C47  1 2

  ERROR: .SUBCKT DI_AZ23C4V7  1 2

  ERROR: .SUBCKT DI_AZ23C5V1  1 2

  ERROR: .SUBCKT DI_AZ23C5V6W  1 2

  ERROR: .SUBCKT DI_AZ23C6V8  1 2

  ERROR: .SUBCKT DI_AZ23C7V5  1 2

  ERROR: .SUBCKT DI_AZ23C9V1  1 2

  ERROR: .SUBCKT DI_BZT52C11  1 2

  ERROR: .SUBCKT DI_BZT52C12S  1 2

  ERROR: .SUBCKT DI_BZT52C13S  1 2

  ERROR: .SUBCKT DI_BZT52C15S  1 2

  ERROR: .SUBCKT DI_BZT52C16  1 2

  ERROR: .SUBCKT DI_BZT52C18  1 2

  ERROR: .SUBCKT DI_BZT52C20S  1 2

  ERROR: .SUBCKT DI_BZT52C22  1 2

  ERROR: .SUBCKT DI_BZT52C24  1 2

  ERROR: .SUBCKT DI_BZT52C27  1 2

  ERROR: .SUBCKT DI_BZT52C2V0S  1 2

  ERROR: .SUBCKT DI_BZT52C2V4S  1 2

  ERROR: .SUBCKT DI_BZT52C30  1 2

  ERROR: .SUBCKT DI_BZT52C33  1 2

  ERROR: .SUBCKT DI_BZT52C36S  1 2

  ERROR: .SUBCKT DI_BZT52C3V0S  1 2

  ERROR: .SUBCKT DI_BZT52C3V3S  1 2

  ERROR: .SUBCKT DI_BZT52C3V6  1 2

  ERROR: .SUBCKT DI_BZT52C3V6T  1 2

  ERROR: .SUBCKT DI_BZT52C3V9T  1 2

  ERROR: .SUBCKT DI_BZT52C4V3  1 2

  ERROR: .SUBCKT DI_BZT52C4V3T  1 2

  ERROR: .SUBCKT DI_BZT52C4V7T  1 2

  ERROR: .SUBCKT DI_BZT52C5V1  1 2

  ERROR: .SUBCKT DI_BZT52C5V1T  1 2

  ERROR: .SUBCKT DI_BZT52C5V6S  1 2

  ERROR: .SUBCKT DI_BZT52C6V2  1 2

  ERROR: .SUBCKT DI_BZT52C6V8S  1 2

  ERROR: .SUBCKT DI_BZT52C7V5  1 2

  ERROR: .SUBCKT DI_BZT52C7V5S  1 2

  ERROR: .SUBCKT DI_BZT52C8V2S  1 2

  ERROR: .SUBCKT DI_BZX84C10S  1 2

  ERROR: .SUBCKT DI_BZX84C10TS  1 2

  ERROR: .SUBCKT DI_BZX84C11S  1 2

  ERROR: .SUBCKT DI_BZX84C11W  1 2

  ERROR: .SUBCKT DI_BZX84C12T  1 2

  ERROR: .SUBCKT DI_BZX84C12W  1 2

  ERROR: .SUBCKT DI_BZX84C13TS  1 2

  ERROR: .SUBCKT DI_BZX84C15S  1 2

  ERROR: .SUBCKT DI_BZX84C15TS  1 2

  ERROR: .SUBCKT DI_BZX84C16S  1 2

  ERROR: .SUBCKT DI_BZX84C16TS  1 2

  ERROR: .SUBCKT DI_BZX84C18S  1 2

  ERROR: .SUBCKT DI_BZX84C18TS  1 2

  ERROR: .SUBCKT DI_BZX84C20S  1 2

  ERROR: .SUBCKT DI_BZX84C20TS  1 2

  ERROR: .SUBCKT DI_BZX84C22S  1 2

  ERROR: .SUBCKT DI_BZX84C22TS  1 2

  ERROR: .SUBCKT DI_BZX84C24T  1 2

  ERROR: .SUBCKT DI_BZX84C24W  1 2

  ERROR: .SUBCKT DI_BZX84C27T  1 2

  ERROR: .SUBCKT DI_BZX84C27W  1 2

  ERROR: .SUBCKT DI_BZX84C2V4T  1 2

  ERROR: .SUBCKT DI_BZX84C2V4W  1 2

  ERROR: .SUBCKT DI_BZX84C2V7T  1 2

  ERROR: .SUBCKT DI_BZX84C2V7W  1 2

  ERROR: .SUBCKT DI_BZX84C30T  1 2

  ERROR: .SUBCKT DI_BZX84C30W  1 2

  ERROR: .SUBCKT DI_BZX84C33T  1 2

  ERROR: .SUBCKT DI_BZX84C33W  1 2

  ERROR: .SUBCKT DI_BZX84C36T  1 2

  ERROR: .SUBCKT DI_BZX84C36W  1 2

  ERROR: .SUBCKT DI_BZX84C39T  1 2

  ERROR: .SUBCKT DI_BZX84C39W  1 2

  ERROR: .SUBCKT DI_BZX84C3V0T  1 2

  ERROR: .SUBCKT DI_BZX84C3V0W  1 2

  ERROR: .SUBCKT DI_BZX84C3V3T  1 2

  ERROR: .SUBCKT DI_BZX84C3V3W  1 2

  ERROR: .SUBCKT DI_BZX84C3V6T  1 2

  ERROR: .SUBCKT DI_BZX84C3V6W  1 2

  ERROR: .SUBCKT DI_BZX84C3V9T  1 2

  ERROR: .SUBCKT DI_BZX84C3V9W  1 2

  ERROR: .SUBCKT DI_BZX84C4V3T  1 2

  ERROR: .SUBCKT DI_BZX84C4V3TS  1 2

  ERROR: .SUBCKT DI_BZX84C4V7S  1 2

  ERROR: .SUBCKT DI_BZX84C4V7TS  1 2

  ERROR: .SUBCKT DI_BZX84C5V1S  1 2

  ERROR: .SUBCKT DI_BZX84C5V1TS  1 2

  ERROR: .SUBCKT DI_BZX84C5V6S  1 2

  ERROR: .SUBCKT DI_BZX84C5V6TS  1 2

  ERROR: .SUBCKT DI_BZX84C6V2S  1 2

  ERROR: .SUBCKT DI_BZX84C6V2TS  1 2

  ERROR: .SUBCKT DI_BZX84C6V8S  1 2

  ERROR: .SUBCKT DI_BZX84C6V8TS  1 2

  ERROR: .SUBCKT DI_BZX84C7V5S  1 2

  ERROR: .SUBCKT DI_BZX84C7V5TS  1 2

  ERROR: .SUBCKT DI_BZX84C8V2S  1 2

  ERROR: .SUBCKT DI_BZX84C8V2TS  1 2

  ERROR: .SUBCKT DI_BZX84C9V1S  1 2

  ERROR: .SUBCKT DI_BZX84C9V1TS  1 2

  ERROR: .SUBCKT DI_DDZ9712  1 2

  ERROR: .SUBCKT DI_DDZ9717S  1 2

  ERROR: .SUBCKT DI_DFLZ10  1 2

  ERROR: .SUBCKT DI_DFLZ12  1 2

  ERROR: .SUBCKT DI_DFLZ15  1 2

  ERROR: .SUBCKT DI_DFLZ18  1 2

  ERROR: .SUBCKT DI_DFLZ22  1 2

  ERROR: .SUBCKT DI_DFLZ27  1 2

  ERROR: .SUBCKT DI_DFLZ5V1  1 2

  ERROR: .SUBCKT DI_DFLZ5V1Q  1 2

  ERROR: .SUBCKT DI_DFLZ6V2  1 2

  ERROR: .SUBCKT DI_DFLZ7V5  1 2

  ERROR: .SUBCKT DI_DFLZ8V2  1 2

  ERROR: .SUBCKT DI_DZ23C10  1 2

  ERROR: .SUBCKT DI_DZ23C12  1 2

  ERROR: .SUBCKT DI_DZ23C15  1 2

  ERROR: .SUBCKT DI_DZ23C18  1 2

  ERROR: .SUBCKT DI_DZ23C22  1 2

  ERROR: .SUBCKT DI_DZ23C27  1 2

  ERROR: .SUBCKT DI_DZ23C30  1 2

  ERROR: .SUBCKT DI_DZ23C36  1 2

  ERROR: .SUBCKT DI_DZ23C3V0  1 2

  ERROR: .SUBCKT DI_DZ23C3V6  1 2

  ERROR: .SUBCKT DI_DZ23C43  1 2

  ERROR: .SUBCKT DI_DZ23C4V3  1 2

  ERROR: .SUBCKT DI_DZ23C51  1 2

  ERROR: .SUBCKT DI_DZ23C5V6  1 2

  ERROR: .SUBCKT DI_DZ23C6V8  1 2

  ERROR: .SUBCKT DI_DZ23C8V2  1 2

  ERROR: .SUBCKT DI_MMBZ5221BS  1 2

  ERROR: .SUBCKT DI_MMBZ5221BTS  1 2

  ERROR: .SUBCKT DI_MMBZ5223BS  1 2

  ERROR: .SUBCKT DI_MMBZ5223BTS  1 2

  ERROR: .SUBCKT DI_MMBZ5225BS  1 2

  ERROR: .SUBCKT DI_MMBZ5225BTS  1 2

  ERROR: .SUBCKT DI_MMBZ5226BS  1 2

  ERROR: .SUBCKT DI_MMBZ5226BW  1 2

  ERROR: .SUBCKT DI_MMBZ5227BS  1 2

  ERROR: .SUBCKT DI_MMBZ5227BTS  1 2

  ERROR: .SUBCKT DI_MMBZ5228BS  1 2

  ERROR: .SUBCKT DI_MMBZ5228BTS  1 2

  ERROR: .SUBCKT DI_MMBZ5229BS  1 2

  ERROR: .SUBCKT DI_MMBZ5229BTS  1 2

  ERROR: .SUBCKT DI_MMBZ5230BS  1 2

  ERROR: .SUBCKT DI_MMBZ5230BTS  1 2

  ERROR: .SUBCKT DI_MMBZ5231BS  1 2

  ERROR: .SUBCKT DI_MMBZ5231BTS  1 2

  ERROR: .SUBCKT DI_MMBZ5232BS  1 2

  ERROR: .SUBCKT DI_MMBZ5232BTS  1 2

  ERROR: .SUBCKT DI_MMBZ5233BS  1 2

  ERROR: .SUBCKT DI_MMBZ5234BS  1 2

  ERROR: .SUBCKT DI_MMBZ5234BTS  1 2

  ERROR: .SUBCKT DI_MMBZ5235BS  1 2

  ERROR: .SUBCKT DI_MMBZ5235BTS  1 2

  ERROR: .SUBCKT DI_MMBZ5236BS  1 2

  ERROR: .SUBCKT DI_MMBZ5236BTS  1 2

  ERROR: .SUBCKT DI_MMBZ5237BS  1 2

  ERROR: .SUBCKT DI_MMBZ5237BTS  1 2

  ERROR: .SUBCKT DI_MMBZ5238BS  1 2

  ERROR: .SUBCKT DI_MMBZ5239BS  1 2

  ERROR: .SUBCKT DI_MMBZ5239BTS  1 2

  ERROR: .SUBCKT DI_MMBZ5240BS  1 2

  ERROR: .SUBCKT DI_MMBZ5240BTS  1 2

  ERROR: .SUBCKT DI_MMBZ5241BS  1 2

  ERROR: .SUBCKT DI_MMBZ5241BTS  1 2

  ERROR: .SUBCKT DI_MMBZ5242BS  1 2

  ERROR: .SUBCKT DI_MMBZ5242BTS  1 2

  ERROR: .SUBCKT DI_MMBZ5243BS  1 2

  ERROR: .SUBCKT DI_MMBZ5243BTS  1 2

  ERROR: .SUBCKT DI_MMBZ5244B  1 2

  ERROR: .SUBCKT DI_MMBZ5245BS  1 2

  ERROR: .SUBCKT DI_MMBZ5245BTS  1 2

  ERROR: .SUBCKT DI_MMBZ5246BS  1 2

  ERROR: .SUBCKT DI_MMBZ5246BTS  1 2

  ERROR: .SUBCKT DI_MMBZ5248BS  1 2

  ERROR: .SUBCKT DI_MMBZ5248BTS  1 2

  ERROR: .SUBCKT DI_MMBZ5250BS  1 2

  ERROR: .SUBCKT DI_MMBZ5250BTS  1 2

  ERROR: .SUBCKT DI_MMBZ5251BS  1 2

  ERROR: .SUBCKT DI_MMBZ5251BTS  1 2

  ERROR: .SUBCKT DI_MMBZ5252BS  1 2

  ERROR: .SUBCKT DI_MMBZ5252BTS  1 2

  ERROR: .SUBCKT DI_MMBZ5254BS  1 2

  ERROR: .SUBCKT DI_MMBZ5254BTS  1 2

  ERROR: .SUBCKT DI_MMBZ5255BS  1 2

  ERROR: .SUBCKT DI_MMBZ5255BTS  1 2

  ERROR: .SUBCKT DI_MMBZ5256BS  1 2

  ERROR: .SUBCKT DI_MMBZ5256BTS  1 2

  ERROR: .SUBCKT DI_MMBZ5257BS  1 2

  ERROR: .SUBCKT DI_MMBZ5257BTS  1 2

  ERROR: .SUBCKT DI_MMBZ5258BS  1 2

  ERROR: .SUBCKT DI_MMBZ5258BTS  1 2

  ERROR: .SUBCKT DI_MMBZ5259BS  1 2

  ERROR: .SUBCKT DI_MMBZ5259BTS  1 2

  ERROR: .SUBCKT DI_MMSZ5221BS  1 2

  ERROR: .SUBCKT DI_MMSZ5223BS  1 2

  ERROR: .SUBCKT DI_MMSZ5225BS  1 2

  ERROR: .SUBCKT DI_MMSZ5226BS  1 2

  ERROR: .SUBCKT DI_MMSZ5228B  1 2

  ERROR: .SUBCKT DI_MMSZ5229B  1 2

  ERROR: .SUBCKT DI_MMSZ5230B  1 2

  ERROR: .SUBCKT DI_MMSZ5231B  1 2

  ERROR: .SUBCKT DI_MMSZ5232B  1 2

  ERROR: .SUBCKT DI_MMSZ5233B  1 2

  ERROR: .SUBCKT DI_MMSZ5234B  1 2

  ERROR: .SUBCKT DI_MMSZ5235B  1 2

  ERROR: .SUBCKT DI_MMSZ5236B  1 2

  ERROR: .SUBCKT DI_MMSZ5237B  1 2

  ERROR: .SUBCKT DI_MMSZ5238B  1 2

  ERROR: .SUBCKT DI_MMSZ5239B  1 2

  ERROR: .SUBCKT DI_MMSZ5240B  1 2

  ERROR: .SUBCKT DI_MMSZ5241B  1 2

  ERROR: .SUBCKT DI_MMSZ5242B  1 2

  ERROR: .SUBCKT DI_MMSZ5243B  1 2

  ERROR: .SUBCKT DI_MMSZ5245B  1 2

  ERROR: .SUBCKT DI_MMSZ5246B  1 2

  ERROR: .SUBCKT DI_MMSZ5248B  1 2

  ERROR: .SUBCKT DI_MMSZ5250B  1 2

  ERROR: .SUBCKT DI_MMSZ5251B  1 2

  ERROR: .SUBCKT DI_MMSZ5252B  1 2

  ERROR: .SUBCKT DI_MMSZ5254B  1 2

  ERROR: .SUBCKT DI_MMSZ5255B  1 2

  ERROR: .SUBCKT DI_MMSZ5256B  1 2

  ERROR: .SUBCKT DI_MMSZ5257B  1 2

  ERROR: .SUBCKT DI_MMSZ5258B  1 2

  ERROR: .SUBCKT DI_MMSZ5259B  1 2

  ERROR: .SUBCKT DI_QZX363C12  1 2

  ERROR: .SUBCKT DI_QZX363C20  1 2

  ERROR: .SUBCKT DI_QZX363C6V8  1 2

STATUS: Translator stopped at Monday, April 11, 2022 16:20:10
STATUS: 231 Error messages, 0 Warning messages
