STATUS: PSpice Model Import Wizard for "Capture" (17.4.0.d001)
STATUS:  
   INFO: LIB driven flow
   INFO: Input File: E:\sdu-courses\2022-Spring\EDB2\simulation\ucc28c42_v3\libs\Zener-Diodes.lib
   INFO: Output File: E:\sdu-courses\2022-Spring\EDB2\simulation\ucc28c42_v3\libs\Zener-Diodes.OLB
STATUS:  
STATUS: Identifying matching symbols automatically...started at Monday, April 11, 2022 16:18:01
STATUS:  
   INFO: Symbol "DI_BZT52C10" already exists for model "DI_BZT52C10".
   INFO: Symbol "DI_BZT52C13" already exists for model "DI_BZT52C13".
   INFO: Symbol "DI_BZT52C8V2" already exists for model "DI_BZT52C8V2".
   INFO: Symbol "DI_BZT52C9V1LP" already exists for model "DI_BZT52C9V1LP".
   INFO: Symbol "DI_BZT52C9V1" already exists for model "DI_BZT52C9V1".
   INFO: Symbol "DDZ9689T" created for model "DDZ9689T".
   INFO: Symbol "DF" created for model "DF".
   INFO: Symbol "DR" created for model "DR".
   INFO: Symbol "DF" already exists for model "DF".
   INFO: Symbol "DR" already exists for model "DR".
   INFO: Symbol "DF" already exists for model "DF".
   INFO: Symbol "DR" already exists for model "DR".
   INFO: Symbol "DF" already exists for model "DF".
   INFO: Symbol "DR" already exists for model "DR".
   INFO: Symbol "DF" already exists for model "DF".
   INFO: Symbol "DR" already exists for model "DR".
   INFO: Symbol "DF" already exists for model "DF".
   INFO: Symbol "DR" already exists for model "DR".
   INFO: Symbol "DF" already exists for model "DF".
   INFO: Symbol "DR" already exists for model "DR".
   INFO: Symbol "DF" already exists for model "DF".
   INFO: Symbol "DR" already exists for model "DR".
   INFO: Symbol "DF" already exists for model "DF".
   INFO: Symbol "DR" already exists for model "DR".
   INFO: Symbol "DF" already exists for model "DF".
   INFO: Symbol "DR" already exists for model "DR".
   INFO: Symbol "DF" already exists for model "DF".
   INFO: Symbol "DR" already exists for model "DR".
   INFO: Symbol "DF" already exists for model "DF".
   INFO: Symbol "DR" already exists for model "DR".
   INFO: Symbol "DF" already exists for model "DF".
   INFO: Symbol "DR" already exists for model "DR".
   INFO: Symbol "DF" already exists for model "DF".
   INFO: Symbol "DR" already exists for model "DR".
   INFO: Symbol "DF" already exists for model "DF".
   INFO: Symbol "DR" already exists for model "DR".
   INFO: Symbol "DF" already exists for model "DF".
   INFO: Symbol "DR" already exists for model "DR".
   INFO: Symbol "DF" already exists for model "DF".
   INFO: Symbol "DR" already exists for model "DR".
   INFO: Symbol "DF" already exists for model "DF".
   INFO: Symbol "DR" already exists for model "DR".
   INFO: Symbol "DF" already exists for model "DF".
   INFO: Symbol "DR" already exists for model "DR".
   INFO: Symbol "DF" already exists for model "DF".
   INFO: Symbol "DR" already exists for model "DR".
   INFO: Symbol "DF" already exists for model "DF".
   INFO: Symbol "DR" already exists for model "DR".
   INFO: Symbol "DF" already exists for model "DF".
   INFO: Symbol "DR" already exists for model "DR".
   INFO: Symbol "DF" already exists for model "DF".
   INFO: Symbol "DR" already exists for model "DR".
   INFO: Symbol "DF" already exists for model "DF".
   INFO: Symbol "DR" already exists for model "DR".
   INFO: Symbol "DF" already exists for model "DF".
   INFO: Symbol "DR" already exists for model "DR".
   INFO: Symbol "DF" already exists for model "DF".
   INFO: Symbol "DR" already exists for model "DR".
   INFO: Symbol "DF" already exists for model "DF".
   INFO: Symbol "DF" already exists for model "DF".
   INFO: Symbol "DR" already exists for model "DR".
   INFO: Symbol "DF" already exists for model "DF".
   INFO: Symbol "DR" already exists for model "DR".
   INFO: Symbol "DF" already exists for model "DF".
   INFO: Symbol "DR" already exists for model "DR".
   INFO: Symbol "DF" already exists for model "DF".
   INFO: Symbol "DR" already exists for model "DR".
   INFO: Symbol "DF" already exists for model "DF".
   INFO: Symbol "DR" already exists for model "DR".
   INFO: Symbol "DF" already exists for model "DF".
   INFO: Symbol "DR" already exists for model "DR".
   INFO: Symbol "DF" already exists for model "DF".
   INFO: Symbol "DR" already exists for model "DR".
   INFO: Symbol "DF" already exists for model "DF".
   INFO: Symbol "DR" already exists for model "DR".
   INFO: Symbol "DF" already exists for model "DF".
   INFO: Symbol "DR" already exists for model "DR".
   INFO: Symbol "DF" already exists for model "DF".
   INFO: Symbol "DR" already exists for model "DR".
   INFO: Symbol "DF" already exists for model "DF".
   INFO: Symbol "DR" already exists for model "DR".
   INFO: Symbol "DF" already exists for model "DF".
   INFO: Symbol "DR" already exists for model "DR".
   INFO: Symbol "DF" already exists for model "DF".
   INFO: Symbol "DR" already exists for model "DR".
   INFO: Symbol "DF" already exists for model "DF".
   INFO: Symbol "DR" already exists for model "DR".
   INFO: Symbol "DF" already exists for model "DF".
   INFO: Symbol "DR" already exists for model "DR".
   INFO: Symbol "DF" already exists for model "DF".
   INFO: Symbol "DR" already exists for model "DR".
   INFO: Symbol "DF" already exists for model "DF".
   INFO: Symbol "DR" already exists for model "DR".
   INFO: Symbol "DF" already exists for model "DF".
   INFO: Symbol "DR" already exists for model "DR".
   INFO: Symbol "DF" already exists for model "DF".
   INFO: Symbol "DF" already exists for model "DF".
   INFO: Symbol "DR" already exists for model "DR".
   INFO: Symbol "DF" already exists for model "DF".
   INFO: Symbol "DR" already exists for model "DR".
   INFO: Symbol "DF" already exists for model "DF".
   INFO: Symbol "DR" already exists for model "DR".
   INFO: Symbol "DF" already exists for model "DF".
   INFO: Symbol "DR" already exists for model "DR".
   INFO: Symbol "DF" already exists for model "DF".
   INFO: Symbol "DR" already exists for model "DR".
   INFO: Symbol "DF" already exists for model "DF".
   INFO: Symbol "DR" already exists for model "DR".
   INFO: Symbol "DF" already exists for model "DF".
   INFO: Symbol "DR" already exists for model "DR".
   INFO: Symbol "DF" already exists for model "DF".
   INFO: Symbol "DR" already exists for model "DR".
   INFO: Symbol "DF" already exists for model "DF".
   INFO: Symbol "DR" already exists for model "DR".
   INFO: Symbol "DF" already exists for model "DF".
   INFO: Symbol "DR" already exists for model "DR".
   INFO: Symbol "DF" already exists for model "DF".
   INFO: Symbol "DF" already exists for model "DF".
   INFO: Symbol "DR" already exists for model "DR".
   INFO: Symbol "DF" already exists for model "DF".
   INFO: Symbol "DR" already exists for model "DR".
   INFO: Symbol "DF" already exists for model "DF".
   INFO: Symbol "DR" already exists for model "DR".
   INFO: Symbol "DF" already exists for model "DF".
   INFO: Symbol "DR" already exists for model "DR".
   INFO: Symbol "DF" already exists for model "DF".
   INFO: Symbol "DR" already exists for model "DR".
   INFO: Symbol "DF" already exists for model "DF".
   INFO: Symbol "DR" already exists for model "DR".
   INFO: Symbol "DF" already exists for model "DF".
   INFO: Symbol "DR" already exists for model "DR".
   INFO: Symbol "DF" already exists for model "DF".
   INFO: Symbol "DR" already exists for model "DR".
   INFO: Symbol "DF" already exists for model "DF".
   INFO: Symbol "DR" already exists for model "DR".
   INFO: Symbol "DF" already exists for model "DF".
   INFO: Symbol "DR" already exists for model "DR".
   INFO: Symbol "DF" already exists for model "DF".
   INFO: Symbol "DR" already exists for model "DR".
   INFO: Symbol "DF" already exists for model "DF".
   INFO: Symbol "DR" already exists for model "DR".
   INFO: Symbol "DF" already exists for model "DF".
   INFO: Symbol "DR" already exists for model "DR".
   INFO: Symbol "DF" already exists for model "DF".
   INFO: Symbol "DR" already exists for model "DR".
   INFO: Symbol "DF" already exists for model "DF".
   INFO: Symbol "DR" already exists for model "DR".
   INFO: Symbol "DF" already exists for model "DF".
   INFO: Symbol "DR" already exists for model "DR".
   INFO: Symbol "DF" already exists for model "DF".
   INFO: Symbol "DR" already exists for model "DR".
   INFO: Symbol "DF" already exists for model "DF".
   INFO: Symbol "DR" already exists for model "DR".
   INFO: Symbol "DF" already exists for model "DF".
   INFO: Symbol "DR" already exists for model "DR".
   INFO: Symbol "DF" already exists for model "DF".
   INFO: Symbol "DR" already exists for model "DR".
   INFO: Symbol "DF" already exists for model "DF".
   INFO: Symbol "DR" already exists for model "DR".
   INFO: Symbol "DF" already exists for model "DF".
   INFO: Symbol "DR" already exists for model "DR".
   INFO: Symbol "DF" already exists for model "DF".
   INFO: Symbol "DR" already exists for model "DR".
   INFO: Symbol "DF" already exists for model "DF".
   INFO: Symbol "DR" already exists for model "DR".
   INFO: Symbol "DF" already exists for model "DF".
   INFO: Symbol "DR" already exists for model "DR".
   INFO: Symbol "DF" already exists for model "DF".
   INFO: Symbol "DR" already exists for model "DR".
   INFO: Symbol "DF" already exists for model "DF".
   INFO: Symbol "DR" already exists for model "DR".
   INFO: Symbol "DF" already exists for model "DF".
   INFO: Symbol "DR" already exists for model "DR".
   INFO: Symbol "MMSZ5221B" already exists for model "MMSZ5221B".
   INFO: Symbol "DF" already exists for model "DF".
   INFO: Symbol "DR" already exists for model "DR".
   INFO: Symbol "DF" already exists for model "DF".
   INFO: Symbol "DR" already exists for model "DR".
   INFO: Symbol "DF" already exists for model "DF".
   INFO: Symbol "DR" already exists for model "DR".
   INFO: Symbol "DF" already exists for model "DF".
   INFO: Symbol "DR" already exists for model "DR".
   INFO: Symbol "DF" already exists for model "DF".
   INFO: Symbol "DR" already exists for model "DR".
   INFO: Symbol "DF" already exists for model "DF".
   INFO: Symbol "DR" already exists for model "DR".
   INFO: Symbol "DF" already exists for model "DF".
   INFO: Symbol "DR" already exists for model "DR".
   INFO: Symbol "DF" already exists for model "DF".
   INFO: Symbol "DR" already exists for model "DR".
   INFO: Symbol "DF" already exists for model "DF".
   INFO: Symbol "DR" already exists for model "DR".
   INFO: Symbol "DF" already exists for model "DF".
   INFO: Symbol "DR" already exists for model "DR".
   INFO: Symbol "DF" already exists for model "DF".
   INFO: Symbol "DR" already exists for model "DR".
   INFO: Symbol "DF" already exists for model "DF".
   INFO: Symbol "DR" already exists for model "DR".
   INFO: Symbol "DF" already exists for model "DF".
   INFO: Symbol "DR" already exists for model "DR".
   INFO: Symbol "DF" already exists for model "DF".
   INFO: Symbol "DR" already exists for model "DR".
   INFO: Symbol "DF" already exists for model "DF".
   INFO: Symbol "DR" already exists for model "DR".
   INFO: Symbol "DF" already exists for model "DF".
   INFO: Symbol "DR" already exists for model "DR".
   INFO: Symbol "DF" already exists for model "DF".
   INFO: Symbol "DR" already exists for model "DR".
   INFO: Symbol "DF" already exists for model "DF".
   INFO: Symbol "DR" already exists for model "DR".
   INFO: Symbol "DF" already exists for model "DF".
   INFO: Symbol "DR" already exists for model "DR".
   INFO: Symbol "DF" already exists for model "DF".
   INFO: Symbol "DR" already exists for model "DR".
   INFO: Symbol "DF" already exists for model "DF".
   INFO: Symbol "DR" already exists for model "DR".
   INFO: Symbol "DF" already exists for model "DF".
   INFO: Symbol "DR" already exists for model "DR".
   INFO: Symbol "DF" already exists for model "DF".
   INFO: Symbol "DR" already exists for model "DR".
   INFO: Symbol "DF" already exists for model "DF".
   INFO: Symbol "DR" already exists for model "DR".
   INFO: Symbol "DF" already exists for model "DF".
   INFO: Symbol "DR" already exists for model "DR".
   INFO: Symbol "DF" already exists for model "DF".
   INFO: Symbol "DR" already exists for model "DR".
   INFO: Symbol "DF" already exists for model "DF".
   INFO: Symbol "DR" already exists for model "DR".
   INFO: Symbol "DF" already exists for model "DF".
   INFO: Symbol "DR" already exists for model "DR".
   INFO: Symbol "DF" already exists for model "DF".
   INFO: Symbol "DR" already exists for model "DR".
   INFO: Symbol "DF" already exists for model "DF".
   INFO: Symbol "DR" already exists for model "DR".
   INFO: Symbol "DF" already exists for model "DF".
   INFO: Symbol "DR" already exists for model "DR".
   INFO: Symbol "DF" already exists for model "DF".
   INFO: Symbol "DR" already exists for model "DR".
   INFO: Symbol "DF" already exists for model "DF".
   INFO: Symbol "DR" already exists for model "DR".
   INFO: Symbol "DF" already exists for model "DF".
   INFO: Symbol "DR" already exists for model "DR".
   INFO: Symbol "DF" already exists for model "DF".
   INFO: Symbol "DR" already exists for model "DR".
   INFO: Symbol "DI_DDZ27D" already exists for model "DI_DDZ27D".
   INFO: Symbol "1SMB5929B" created for model "1SMB5929B".
   INFO: Symbol "GDZ5V1LP3" created for model "GDZ5V1LP3".
   INFO: Symbol "GDZ5V6LP3" created for model "GDZ5V6LP3".
   INFO: Symbol "GDZ6V8LP3" created for model "GDZ6V8LP3".
   INFO: Symbol "DF" already exists for model "DF".
   INFO: Symbol "DR" already exists for model "DR".
   INFO: Symbol "GDZ3V9LP3" created for model "GDZ3V9LP3".
   INFO: Symbol "DF" already exists for model "DF".
   INFO: Symbol "DR" already exists for model "DR".
   INFO: Symbol "DF" already exists for model "DF".
   INFO: Symbol "DR" already exists for model "DR".
   INFO: Symbol "DF" already exists for model "DF".
   INFO: Symbol "DR" already exists for model "DR".
   INFO: Symbol "DF" already exists for model "DF".
   INFO: Symbol "DR" already exists for model "DR".
   INFO: Symbol "DF" already exists for model "DF".
   INFO: Symbol "DR" already exists for model "DR".
   INFO: Symbol "DF" already exists for model "DF".
   INFO: Symbol "DR" already exists for model "DR".
   INFO: Symbol "DF" already exists for model "DF".
   INFO: Symbol "DR" already exists for model "DR".
   INFO: Symbol "DF" already exists for model "DF".
   INFO: Symbol "DR" already exists for model "DR".
   INFO: Symbol "DF" already exists for model "DF".
   INFO: Symbol "DR" already exists for model "DR".
   INFO: Symbol "DF" already exists for model "DF".
   INFO: Symbol "DR" already exists for model "DR".
   INFO: Symbol "DF" already exists for model "DF".
   INFO: Symbol "DR" already exists for model "DR".
   INFO: Symbol "DF" already exists for model "DF".
   INFO: Symbol "DR" already exists for model "DR".
   INFO: Symbol "DF" already exists for model "DF".
   INFO: Symbol "DR" already exists for model "DR".
   INFO: Symbol "DI_BZT52C11" already exists for model "DI_BZT52C11".
   INFO: Symbol "DF" already exists for model "DF".
   INFO: Symbol "DR" already exists for model "DR".
   INFO: Symbol "DF" already exists for model "DF".
   INFO: Symbol "DR" already exists for model "DR".
   INFO: Symbol "DF" already exists for model "DF".
   INFO: Symbol "DR" already exists for model "DR".
   INFO: Symbol "DF" already exists for model "DF".
   INFO: Symbol "DR" already exists for model "DR".
   INFO: Symbol "DF" already exists for model "DF".
   INFO: Symbol "DR" already exists for model "DR".
   INFO: Symbol "DI_BZT52C16" already exists for model "DI_BZT52C16".
   INFO: Symbol "DF" already exists for model "DF".
   INFO: Symbol "DR" already exists for model "DR".
   INFO: Symbol "DF" already exists for model "DF".
   INFO: Symbol "DR" already exists for model "DR".
   INFO: Symbol "BZT52C20LP" created for model "BZT52C20LP".
   INFO: Symbol "DF" already exists for model "DF".
   INFO: Symbol "DR" already exists for model "DR".
   INFO: Symbol "DF" already exists for model "DF".
   INFO: Symbol "DR" already exists for model "DR".
   INFO: Symbol "DI_BZT52C22" already exists for model "DI_BZT52C22".
   INFO: Symbol "DF" already exists for model "DF".
   INFO: Symbol "DR" already exists for model "DR".
   INFO: Symbol "DF" already exists for model "DF".
   INFO: Symbol "DR" already exists for model "DR".
   INFO: Symbol "DF" already exists for model "DF".
   INFO: Symbol "DR" already exists for model "DR".
   INFO: Symbol "DF" already exists for model "DF".
   INFO: Symbol "DR" already exists for model "DR".
   INFO: Symbol "DF" already exists for model "DF".
   INFO: Symbol "DR" already exists for model "DR".
   INFO: Symbol "DF" already exists for model "DF".
   INFO: Symbol "DR" already exists for model "DR".
   INFO: Symbol "DF" already exists for model "DF".
   INFO: Symbol "DR" already exists for model "DR".
   INFO: Symbol "DF" already exists for model "DF".
   INFO: Symbol "DR" already exists for model "DR".
   INFO: Symbol "DF" already exists for model "DF".
   INFO: Symbol "DR" already exists for model "DR".
   INFO: Symbol "DF" already exists for model "DF".
   INFO: Symbol "DR" already exists for model "DR".
   INFO: Symbol "DF" already exists for model "DF".
   INFO: Symbol "DR" already exists for model "DR".
   INFO: Symbol "DF" already exists for model "DF".
   INFO: Symbol "DR" already exists for model "DR".
   INFO: Symbol "DF" already exists for model "DF".
   INFO: Symbol "DR" already exists for model "DR".
   INFO: Symbol "DF" already exists for model "DF".
   INFO: Symbol "DR" already exists for model "DR".
   INFO: Symbol "DF" already exists for model "DF".
   INFO: Symbol "DR" already exists for model "DR".
   INFO: Symbol "DF" already exists for model "DF".
   INFO: Symbol "DR" already exists for model "DR".
   INFO: Symbol "DF" already exists for model "DF".
   INFO: Symbol "DR" already exists for model "DR".
   INFO: Symbol "DF" already exists for model "DF".
   INFO: Symbol "DR" already exists for model "DR".
   INFO: Symbol "DF" already exists for model "DF".
   INFO: Symbol "DR" already exists for model "DR".
   INFO: Symbol "DI_BZT52C6V2" already exists for model "DI_BZT52C6V2".
   INFO: Symbol "DF" already exists for model "DF".
   INFO: Symbol "DR" already exists for model "DR".
   INFO: Symbol "DF" already exists for model "DF".
   INFO: Symbol "DR" already exists for model "DR".
   INFO: Symbol "DF" already exists for model "DF".
   INFO: Symbol "DR" already exists for model "DR".
   INFO: Symbol "DF" already exists for model "DF".
   INFO: Symbol "DR" already exists for model "DR".
   INFO: Symbol "DF" already exists for model "DF".
   INFO: Symbol "DR" already exists for model "DR".
   INFO: Symbol "DF" already exists for model "DF".
   INFO: Symbol "DR" already exists for model "DR".
   INFO: Symbol "DF" already exists for model "DF".
   INFO: Symbol "DR" already exists for model "DR".
   INFO: Symbol "DF" already exists for model "DF".
   INFO: Symbol "DR" already exists for model "DR".
   INFO: Symbol "DF" already exists for model "DF".
   INFO: Symbol "DR" already exists for model "DR".
   INFO: Symbol "DF" already exists for model "DF".
   INFO: Symbol "DR" already exists for model "DR".
   INFO: Symbol "DF" already exists for model "DF".
   INFO: Symbol "DR" already exists for model "DR".
   INFO: Symbol "DF" already exists for model "DF".
   INFO: Symbol "DR" already exists for model "DR".
   INFO: Symbol "DF" already exists for model "DF".
   INFO: Symbol "DR" already exists for model "DR".
   INFO: Symbol "DF" already exists for model "DF".
   INFO: Symbol "DR" already exists for model "DR".
   INFO: Symbol "DF" already exists for model "DF".
   INFO: Symbol "DR" already exists for model "DR".
   INFO: Symbol "DF" already exists for model "DF".
   INFO: Symbol "DR" already exists for model "DR".
   INFO: Symbol "DF" already exists for model "DF".
   INFO: Symbol "DR" already exists for model "DR".
   INFO: Symbol "DF" already exists for model "DF".
   INFO: Symbol "DR" already exists for model "DR".
   INFO: Symbol "DF" already exists for model "DF".
   INFO: Symbol "DR" already exists for model "DR".
   INFO: Symbol "DF" already exists for model "DF".
   INFO: Symbol "DR" already exists for model "DR".
   INFO: Symbol "DF" already exists for model "DF".
   INFO: Symbol "DR" already exists for model "DR".
   INFO: Symbol "DF" already exists for model "DF".
   INFO: Symbol "DR" already exists for model "DR".
   INFO: Symbol "DF" already exists for model "DF".
   INFO: Symbol "DR" already exists for model "DR".
   INFO: Symbol "DF" already exists for model "DF".
   INFO: Symbol "DR" already exists for model "DR".
   INFO: Symbol "DF" already exists for model "DF".
   INFO: Symbol "DR" already exists for model "DR".
   INFO: Symbol "DF" already exists for model "DF".
   INFO: Symbol "DR" already exists for model "DR".
   INFO: Symbol "DF" already exists for model "DF".
   INFO: Symbol "DR" already exists for model "DR".
   INFO: Symbol "DF" already exists for model "DF".
   INFO: Symbol "DR" already exists for model "DR".
   INFO: Symbol "DF" already exists for model "DF".
   INFO: Symbol "DR" already exists for model "DR".
   INFO: Symbol "DF" already exists for model "DF".
   INFO: Symbol "DR" already exists for model "DR".
   INFO: Symbol "DF" already exists for model "DF".
   INFO: Symbol "DR" already exists for model "DR".
   INFO: Symbol "DF" already exists for model "DF".
   INFO: Symbol "DR" already exists for model "DR".
   INFO: Symbol "DF" already exists for model "DF".
   INFO: Symbol "DR" already exists for model "DR".
   INFO: Symbol "DF" already exists for model "DF".
   INFO: Symbol "DR" already exists for model "DR".
   INFO: Symbol "DF" already exists for model "DF".
   INFO: Symbol "DR" already exists for model "DR".
   INFO: Symbol "DF" already exists for model "DF".
   INFO: Symbol "DR" already exists for model "DR".
   INFO: Symbol "DF" already exists for model "DF".
   INFO: Symbol "DR" already exists for model "DR".
   INFO: Symbol "DF" already exists for model "DF".
   INFO: Symbol "DR" already exists for model "DR".
   INFO: Symbol "DF" already exists for model "DF".
   INFO: Symbol "DR" already exists for model "DR".
   INFO: Symbol "DF" already exists for model "DF".
   INFO: Symbol "DR" already exists for model "DR".
   INFO: Symbol "DF" already exists for model "DF".
   INFO: Symbol "DR" already exists for model "DR".
   INFO: Symbol "DF" already exists for model "DF".
   INFO: Symbol "DR" already exists for model "DR".
   INFO: Symbol "DF" already exists for model "DF".
   INFO: Symbol "DR" already exists for model "DR".
   INFO: Symbol "DF" already exists for model "DF".
   INFO: Symbol "DR" already exists for model "DR".
   INFO: Symbol "DF" already exists for model "DF".
   INFO: Symbol "DR" already exists for model "DR".
   INFO: Symbol "DF" already exists for model "DF".
   INFO: Symbol "DR" already exists for model "DR".
   INFO: Symbol "DF" already exists for model "DF".
   INFO: Symbol "DR" already exists for model "DR".
   INFO: Symbol "DF" already exists for model "DF".
   INFO: Symbol "DR" already exists for model "DR".
   INFO: Symbol "DF" already exists for model "DF".
   INFO: Symbol "DR" already exists for model "DR".
   INFO: Symbol "DF" already exists for model "DF".
   INFO: Symbol "DR" already exists for model "DR".
   INFO: Symbol "DF" already exists for model "DF".
   INFO: Symbol "DR" already exists for model "DR".
   INFO: Symbol "DF" already exists for model "DF".
   INFO: Symbol "DR" already exists for model "DR".
   INFO: Symbol "DF" already exists for model "DF".
   INFO: Symbol "DR" already exists for model "DR".
   INFO: Symbol "DF" already exists for model "DF".
   INFO: Symbol "DR" already exists for model "DR".
   INFO: Symbol "DF" already exists for model "DF".
   INFO: Symbol "DR" already exists for model "DR".
   INFO: Symbol "DF" already exists for model "DF".
   INFO: Symbol "DR" already exists for model "DR".
   INFO: Symbol "DF" already exists for model "DF".
   INFO: Symbol "DR" already exists for model "DR".
   INFO: Symbol "DF" already exists for model "DF".
   INFO: Symbol "DR" already exists for model "DR".
   INFO: Symbol "DF" already exists for model "DF".
   INFO: Symbol "DR" already exists for model "DR".
   INFO: Symbol "DF" already exists for model "DF".
   INFO: Symbol "DR" already exists for model "DR".
   INFO: Symbol "DF" already exists for model "DF".
   INFO: Symbol "DR" already exists for model "DR".
   INFO: Symbol "DF" already exists for model "DF".
   INFO: Symbol "DR" already exists for model "DR".
   INFO: Symbol "DF" already exists for model "DF".
   INFO: Symbol "DR" already exists for model "DR".
   INFO: Symbol "DF" already exists for model "DF".
   INFO: Symbol "DR" already exists for model "DR".
   INFO: Symbol "DF" already exists for model "DF".
   INFO: Symbol "DR" already exists for model "DR".
   INFO: Symbol "DF" already exists for model "DF".
   INFO: Symbol "DR" already exists for model "DR".
   INFO: Symbol "DF" already exists for model "DF".
   INFO: Symbol "DR" already exists for model "DR".
   INFO: Symbol "DF" already exists for model "DF".
   INFO: Symbol "DR" already exists for model "DR".
   INFO: Symbol "DF" already exists for model "DF".
   INFO: Symbol "DR" already exists for model "DR".
   INFO: Symbol "DF" already exists for model "DF".
   INFO: Symbol "DR" already exists for model "DR".
   INFO: Symbol "DF" already exists for model "DF".
   INFO: Symbol "DR" already exists for model "DR".
   INFO: Symbol "DF" already exists for model "DF".
   INFO: Symbol "DR" already exists for model "DR".
   INFO: Symbol "DF" already exists for model "DF".
   INFO: Symbol "DR" already exists for model "DR".
STATUS:  
STATUS: Completed identifying matching symbols automatically...at Monday, April 11, 2022 16:18:03
STATUS:  
   INFO: Symbol "DI_DFLZ18" created for model "DI_DFLZ18".
STATUS: 0 Error messages, 0 Warning messages
